/*
 * Copyright Camunda Services GmbH and/or licensed to Camunda Services GmbH under
 * one or more contributor license agreements. See the NOTICE file distributed
 * with this work for additional information regarding copyright ownership.
 * Licensed under the Camunda License 1.0. You may not use this file
 * except in compliance with the Camunda License 1.0.
 */
// TODO recreate C8 IT equivalent of this with #13337
// package io.camunda.optimize.service.security.authorization;
//
// import static io.camunda.optimize.AbstractIT.OPENSEARCH_PASSING;
// import static io.camunda.optimize.rest.RestTestConstants.DEFAULT_PASSWORD;
// import static io.camunda.optimize.rest.RestTestConstants.DEFAULT_USERNAME;
// import static io.camunda.optimize.service.util.importing.EngineConstants.ALL_PERMISSION;
// import static
// io.camunda.optimize.service.util.importing.EngineConstants.AUTHORIZATION_TYPE_GRANT;
// import static
// io.camunda.optimize.service.util.importing.EngineConstants.RESOURCE_TYPE_PROCESS_DEFINITION;
// import static io.camunda.optimize.test.engine.AuthorizationClient.GROUP_ID;
// import static io.camunda.optimize.test.engine.AuthorizationClient.KERMIT_USER;
// import static org.assertj.core.api.Assertions.assertThat;
//
// import io.camunda.optimize.AbstractAlertIT;
// import io.camunda.optimize.dto.engine.AuthorizationDto;
// import io.camunda.optimize.dto.engine.definition.ProcessDefinitionEngineDto;
// import io.camunda.optimize.dto.optimize.query.IdResponseDto;
// import io.camunda.optimize.dto.optimize.query.alert.AlertCreationRequestDto;
// import io.camunda.optimize.dto.optimize.query.alert.AlertDefinitionDto;
// import
// io.camunda.optimize.dto.optimize.query.report.single.process.SingleProcessReportDefinitionRequestDto;
// import jakarta.ws.rs.core.Response;
// import java.util.Collections;
// import java.util.List;
// import org.junit.jupiter.api.Tag;
// import org.junit.jupiter.api.Test;
//
// @Tag(OPENSEARCH_PASSING)
// public class AlertAuthorizationIT extends AbstractAlertIT {
//
//   private final String PROCESS_DEFINITION_KEY = "processDefinition";
//   private final String PROCESS_DEFINITION_KEY_2 = "processDefinition2";
//
//   @Test
//   public void getOwnAuthorizedAlertsOnly() {
//     // given
//     engineIntegrationExtension.addUser(KERMIT_USER, KERMIT_USER);
//     engineIntegrationExtension.grantUserOptimizeAccess(KERMIT_USER);
//     grantSingleDefinitionAuthorizationsForUser(KERMIT_USER, PROCESS_DEFINITION_KEY);
//
//     AlertCreationRequestDto alert1 =
//         setupBasicProcessAlertAsUser(PROCESS_DEFINITION_KEY, KERMIT_USER, KERMIT_USER);
//     AlertCreationRequestDto alert2 =
//         setupBasicProcessAlertAsUser(PROCESS_DEFINITION_KEY_2, DEFAULT_USERNAME,
// DEFAULT_PASSWORD);
//     final String ownAlertId = addAlertToOptimizeAsUser(alert1, KERMIT_USER, KERMIT_USER);
//     addAlertToOptimizeAsUser(alert2, DEFAULT_USERNAME, DEFAULT_PASSWORD);
//
//     // when
//     List<AlertDefinitionDto> allAuthorizedAlerts =
//         alertClient.getAllAlerts(KERMIT_USER, KERMIT_USER);
//
//     // then
//     assertThat(allAuthorizedAlerts)
//         .extracting(AlertDefinitionDto::getId)
//         .containsExactly(ownAlertId);
//   }
//
//   private String createAlertInCollectionAsDefaultUser(
//       final ProcessDefinitionEngineDto processDefinition) {
//     final String collectionId =
//         collectionClient.createNewCollectionWithProcessScope(processDefinition);
//     SingleProcessReportDefinitionRequestDto singleProcessReportDefinitionDto =
//         getProcessNumberReportDefinitionDto(collectionId, processDefinition);
//     final String reportId =
// createSingleProcessReportInCollection(singleProcessReportDefinitionDto);
//
//     final SingleProcessReportDefinitionRequestDto numberReportDefinitionDto =
//         getProcessNumberReportDefinitionDto(collectionId, processDefinition);
//     reportClient.updateSingleProcessReport(reportId, numberReportDefinitionDto);
//
//     return addAlertToOptimizeAsUser(
//         alertClient.createSimpleAlert(reportId), DEFAULT_USERNAME, DEFAULT_PASSWORD);
//   }
//
//   private String createSingleProcessReportInCollection(
//       final SingleProcessReportDefinitionRequestDto singleProcessReportDefinitionDto) {
//     return embeddedOptimizeExtension
//         .getRequestExecutor()
//         .buildCreateSingleProcessReportRequest(singleProcessReportDefinitionDto)
//         .execute(IdResponseDto.class, Response.Status.OK.getStatusCode())
//         .getId();
//   }
//
//   private String addAlertToOptimizeAsUser(
//       final AlertCreationRequestDto creationDto, final String user, final String password) {
//     return embeddedOptimizeExtension
//         .getRequestExecutor()
//         .withUserAuthentication(user, password)
//         .buildCreateAlertRequest(creationDto)
//         .execute(IdResponseDto.class, Response.Status.OK.getStatusCode())
//         .getId();
//   }
//
//   private void grantSingleDefinitionAuthorizationsForUser(String userId, String definitionKey) {
//     AuthorizationDto authorizationDto = createAuthorizationDto(definitionKey);
//     authorizationDto.setUserId(userId);
//     engineIntegrationExtension.createAuthorization(authorizationDto);
//   }
//
//   private void grantSingleDefinitionAuthorizationsForGroup(String groupId, String definitionKey)
// {
//     AuthorizationDto authorizationDto = createAuthorizationDto(definitionKey);
//     authorizationDto.setGroupId(groupId);
//     engineIntegrationExtension.createAuthorization(authorizationDto);
//   }
//
//   private AuthorizationDto createAuthorizationDto(final String definitionKey) {
//     AuthorizationDto authorizationDto = new AuthorizationDto();
//     authorizationDto.setResourceType(RESOURCE_TYPE_PROCESS_DEFINITION);
//     authorizationDto.setPermissions(Collections.singletonList(ALL_PERMISSION));
//     authorizationDto.setResourceId(definitionKey);
//     authorizationDto.setType(AUTHORIZATION_TYPE_GRANT);
//     return authorizationDto;
//   }
//
// }
