/*
 * Copyright Camunda Services GmbH and/or licensed to Camunda Services GmbH under
 * one or more contributor license agreements. See the NOTICE file distributed
 * with this work for additional information regarding copyright ownership.
 * Licensed under the Camunda License 1.0. You may not use this file
 * except in compliance with the Camunda License 1.0.
 */
// TODO recreate C8 IT equivalent of this with #13337

// package io.camunda.optimize.rest;
//
// import static io.camunda.optimize.AbstractIT.OPENSEARCH_PASSING;
// import static io.camunda.optimize.test.engine.AuthorizationClient.KERMIT_USER;
// import static org.assertj.core.api.Assertions.assertThat;
//
// import io.camunda.optimize.AbstractPlatformIT;
// import io.camunda.optimize.dto.optimize.query.IdResponseDto;
// import io.camunda.optimize.dto.optimize.query.collection.PartialCollectionDefinitionRequestDto;
// import io.camunda.optimize.dto.optimize.query.dashboard.DashboardDefinitionRestDto;
// import io.camunda.optimize.dto.optimize.query.report.single.process.SingleProcessReportDefinitionRequestDto;
// import io.camunda.optimize.service.util.configuration.users.AuthorizedUserType;
// import jakarta.ws.rs.core.Response;
// import java.util.Collections;
// import org.junit.jupiter.api.Tag;
// import org.junit.jupiter.api.Test;
// import org.junit.jupiter.params.ParameterizedTest;
// import org.junit.jupiter.params.provider.ValueSource;
//
// @Tag(OPENSEARCH_PASSING)
// public class EntityEditorAuthorizationServiceIT extends AbstractPlatformIT {
//
//   @Test
//   public void createNewEntitiesAsUserWithEntityEditorAuthorization() {
//     // given
//     authorizationClient.addKermitUserAndGrantAccessToOptimize();
//     embeddedOptimizeExtension
//         .getConfigurationService()
//         .getEntityConfiguration()
//         .setAuthorizedUserType(AuthorizedUserType.ALL);
//     embeddedOptimizeExtension.reloadConfiguration();
//
//     // then
//     assertThat(createReportAsKermit().getStatus()).isEqualTo(Response.Status.OK.getStatusCode());
//     assertThat(createDashboardAsKermit().getStatus()).isEqualTo(Response.Status.OK.getStatusCode());
//     assertThat(createCollectionAsKermit().getStatus())
//         .isEqualTo(Response.Status.OK.getStatusCode());
//   }
//
//   @Test
//   public void createNewEntitiesAsUserWithoutEntityEditorAuthorization() {
//     // given
//     authorizationClient.addKermitUserAndGrantAccessToOptimize();
//     embeddedOptimizeExtension
//         .getConfigurationService()
//         .getEntityConfiguration()
//         .setAuthorizedUserType(AuthorizedUserType.NONE);
//     embeddedOptimizeExtension.reloadConfiguration();
//
//     // then
//     assertThat(createReportAsKermit().getStatus())
//         .isEqualTo(Response.Status.FORBIDDEN.getStatusCode());
//     assertThat(createDashboardAsKermit().getStatus())
//         .isEqualTo(Response.Status.FORBIDDEN.getStatusCode());
//     assertThat(createCollectionAsKermit().getStatus())
//         .isEqualTo(Response.Status.FORBIDDEN.getStatusCode());
//   }
//
//   @Test
//   public void editEntitiesAsUserWithEntityEditorAuthorization() {
//     // given
//     authorizationClient.addKermitUserAndGrantAccessToOptimize();
//     embeddedOptimizeExtension
//         .getConfigurationService()
//         .getEntityConfiguration()
//         .setAuthorizedUserType(AuthorizedUserType.ALL);
//     embeddedOptimizeExtension.reloadConfiguration();
//     final String reportId = createReportAsKermitAndGetId();
//     final String dashboardId = createDashboardAsKermitAndGetId();
//     final String collectionId = createCollectionAsKermitAndGetId();
//
//     // then
//     assertThat(updateReportAsKermit(reportId).getStatus())
//         .isEqualTo(Response.Status.NO_CONTENT.getStatusCode());
//     assertThat(updateDashboardAsKermit(dashboardId).getStatus())
//         .isEqualTo(Response.Status.NO_CONTENT.getStatusCode());
//     assertThat(updateCollectionAsKermit(collectionId).getStatus())
//         .isEqualTo(Response.Status.NO_CONTENT.getStatusCode());
//   }
//
//   @Test
//   public void editEntitiesAsUserWithoutEntityEditorAuthorization() {
//     // given
//     authorizationClient.addKermitUserAndGrantAccessToOptimize();
//     final String reportId = createReportAsKermitAndGetId();
//     final String dashboardId = createDashboardAsKermitAndGetId();
//     final String collectionId = createCollectionAsKermitAndGetId();
//     embeddedOptimizeExtension
//         .getConfigurationService()
//         .getEntityConfiguration()
//         .setAuthorizedUserType(AuthorizedUserType.NONE);
//     embeddedOptimizeExtension.reloadConfiguration();
//
//     // then
//     assertThat(updateReportAsKermit(reportId).getStatus())
//         .isEqualTo(Response.Status.FORBIDDEN.getStatusCode());
//     assertThat(updateDashboardAsKermit(dashboardId).getStatus())
//         .isEqualTo(Response.Status.FORBIDDEN.getStatusCode());
//     // the user is a manager of the collection so can update it
//     assertThat(updateCollectionAsKermit(collectionId).getStatus())
//         .isEqualTo(Response.Status.NO_CONTENT.getStatusCode());
//   }
//
//   @Test
//   public void deleteEntitiesAsUserWithEntityEditorAuthorization() {
//     // given
//     authorizationClient.addKermitUserAndGrantAccessToOptimize();
//     embeddedOptimizeExtension
//         .getConfigurationService()
//         .getEntityConfiguration()
//         .setAuthorizedUserType(AuthorizedUserType.ALL);
//     embeddedOptimizeExtension.reloadConfiguration();
//     final String reportId = createReportAsKermitAndGetId();
//     final String dashboardId = createDashboardAsKermitAndGetId();
//     final String collectionId = createCollectionAsKermitAndGetId();
//
//     // then
//     assertThat(deleteReportAsKermit(reportId).getStatus())
//         .isEqualTo(Response.Status.NO_CONTENT.getStatusCode());
//     assertThat(deleteDashboardAsKermit(dashboardId).getStatus())
//         .isEqualTo(Response.Status.NO_CONTENT.getStatusCode());
//     assertThat(deleteCollectionAsKermit(collectionId).getStatus())
//         .isEqualTo(Response.Status.NO_CONTENT.getStatusCode());
//   }
//
//   @Test
//   public void deleteEntitiesAsUserWithoutEntityEditorAuthorization() {
//     // given
//     authorizationClient.addKermitUserAndGrantAccessToOptimize();
//     final String reportId = createReportAsKermitAndGetId();
//     final String dashboardId = createDashboardAsKermitAndGetId();
//     final String collectionId = createCollectionAsKermitAndGetId();
//     embeddedOptimizeExtension
//         .getConfigurationService()
//         .getEntityConfiguration()
//         .setAuthorizedUserType(AuthorizedUserType.NONE);
//     embeddedOptimizeExtension.reloadConfiguration();
//
//     // then
//     assertThat(deleteReportAsKermit(reportId).getStatus())
//         .isEqualTo(Response.Status.FORBIDDEN.getStatusCode());
//     assertThat(deleteDashboardAsKermit(dashboardId).getStatus())
//         .isEqualTo(Response.Status.FORBIDDEN.getStatusCode());
//     // the user is a manager of the collection so can delete it
//     assertThat(deleteCollectionAsKermit(collectionId).getStatus())
//         .isEqualTo(Response.Status.NO_CONTENT.getStatusCode());
//   }
//
//   @Test
//   public void copyEntitiesAsUserWithEntityEditorAuthorization() {
//     // given
//     authorizationClient.addKermitUserAndGrantAccessToOptimize();
//     embeddedOptimizeExtension
//         .getConfigurationService()
//         .getEntityConfiguration()
//         .setAuthorizedUserType(AuthorizedUserType.ALL);
//     embeddedOptimizeExtension.reloadConfiguration();
//     final String reportId = createReportAsKermitAndGetId();
//     final String dashboardId = createDashboardAsKermitAndGetId();
//     final String collectionId = createCollectionAsKermitAndGetId();
//
//     // then
//     assertThat(copyReportAsKermit(reportId).getStatus())
//         .isEqualTo(Response.Status.OK.getStatusCode());
//     assertThat(copyDashboardAsKermit(dashboardId).getStatus())
//         .isEqualTo(Response.Status.OK.getStatusCode());
//     assertThat(copyCollectionAsKermit(collectionId).getStatus())
//         .isEqualTo(Response.Status.OK.getStatusCode());
//   }
//
//   @Test
//   public void copyEntitiesAsUserWithoutEntityEditorAuthorization() {
//     // given
//     authorizationClient.addKermitUserAndGrantAccessToOptimize();
//     final String reportId = createReportAsKermitAndGetId();
//     final String dashboardId = createDashboardAsKermitAndGetId();
//     final String collectionId = createCollectionAsKermitAndGetId();
//     embeddedOptimizeExtension
//         .getConfigurationService()
//         .getEntityConfiguration()
//         .setAuthorizedUserType(AuthorizedUserType.NONE);
//     embeddedOptimizeExtension.reloadConfiguration();
//
//     // then
//     assertThat(copyReportAsKermit(reportId).getStatus())
//         .isEqualTo(Response.Status.FORBIDDEN.getStatusCode());
//     assertThat(copyDashboardAsKermit(dashboardId).getStatus())
//         .isEqualTo(Response.Status.FORBIDDEN.getStatusCode());
//     // the user is a manager of the collection so can copy it
//     assertThat(copyCollectionAsKermit(collectionId).getStatus())
//         .isEqualTo(Response.Status.OK.getStatusCode());
//   }
//
//   private String createReportAsKermitAndGetId() {
//     return embeddedOptimizeExtension
//         .getRequestExecutor()
//         .withUserAuthentication(KERMIT_USER, KERMIT_USER)
//         .buildCreateSingleProcessReportRequest(new SingleProcessReportDefinitionRequestDto())
//         .execute(IdResponseDto.class, Response.Status.OK.getStatusCode())
//         .getId();
//   }
//
//   private Response createReportAsKermit() {
//     return embeddedOptimizeExtension
//         .getRequestExecutor()
//         .withUserAuthentication(KERMIT_USER, KERMIT_USER)
//         .buildCreateSingleProcessReportRequest(new SingleProcessReportDefinitionRequestDto())
//         .execute();
//   }
//
//   private Response copyReportAsKermit(final String reportId) {
//     return embeddedOptimizeExtension
//         .getRequestExecutor()
//         .withUserAuthentication(KERMIT_USER, KERMIT_USER)
//         .buildCopyReportRequest(reportId, null)
//         .execute();
//   }
//
//   private Response updateReportAsKermit(final String reportId) {
//     return reportClient.updateSingleProcessReport(
//         reportId,
//         reportClient.createSingleProcessReportDefinitionDto(
//             null, "someKey", Collections.singletonList(null)),
//         true,
//         KERMIT_USER,
//         KERMIT_USER);
//   }
//
//   private Response deleteReportAsKermit(final String reportId) {
//     return embeddedOptimizeExtension
//         .getRequestExecutor()
//         .withUserAuthentication(KERMIT_USER, KERMIT_USER)
//         .buildDeleteReportRequest(reportId)
//         .execute();
//   }
//
//   private String createDashboardAsKermitAndGetId() {
//     return embeddedOptimizeExtension
//         .getRequestExecutor()
//         .withUserAuthentication(KERMIT_USER, KERMIT_USER)
//         .buildCreateDashboardRequest()
//         .execute(IdResponseDto.class, Response.Status.OK.getStatusCode())
//         .getId();
//   }
//
//   private Response createDashboardAsKermit() {
//     return embeddedOptimizeExtension
//         .getRequestExecutor()
//         .withUserAuthentication(KERMIT_USER, KERMIT_USER)
//         .buildCreateDashboardRequest()
//         .execute();
//   }
//
//   private Response deleteDashboardAsKermit(final String dashboardId) {
//     return dashboardClient.deleteDashboardAsUser(dashboardId, KERMIT_USER, KERMIT_USER, true);
//   }
//
//   private Response updateDashboardAsKermit(final String dashboardId) {
//     return dashboardClient.updateDashboardAsUser(
//         dashboardId, new DashboardDefinitionRestDto(), KERMIT_USER, KERMIT_USER);
//   }
//
//   private Response copyDashboardAsKermit(final String dashboardId) {
//     return embeddedOptimizeExtension
//         .getRequestExecutor()
//         .withUserAuthentication(KERMIT_USER, KERMIT_USER)
//         .buildCopyDashboardRequest(dashboardId)
//         .execute();
//   }
//
//   private String createCollectionAsKermitAndGetId() {
//     return embeddedOptimizeExtension
//         .getRequestExecutor()
//         .withUserAuthentication(KERMIT_USER, KERMIT_USER)
//         .buildCreateCollectionRequest()
//         .execute(IdResponseDto.class, Response.Status.OK.getStatusCode())
//         .getId();
//   }
//
//   private Response createCollectionAsKermit() {
//     return embeddedOptimizeExtension
//         .getRequestExecutor()
//         .withUserAuthentication(KERMIT_USER, KERMIT_USER)
//         .buildCreateCollectionRequest()
//         .execute();
//   }
//
//   private Response updateCollectionAsKermit(final String collectionId) {
//     return embeddedOptimizeExtension
//         .getRequestExecutor()
//         .buildUpdatePartialCollectionRequest(
//             collectionId, new PartialCollectionDefinitionRequestDto())
//         .withUserAuthentication(KERMIT_USER, KERMIT_USER)
//         .execute();
//   }
//
//   private Response deleteCollectionAsKermit(final String collectionId) {
//     return embeddedOptimizeExtension
//         .getRequestExecutor()
//         .buildDeleteCollectionRequest(collectionId)
//         .withUserAuthentication(KERMIT_USER, KERMIT_USER)
//         .execute();
//   }
//
//   private Response copyCollectionAsKermit(final String collectionId) {
//     return embeddedOptimizeExtension
//         .getRequestExecutor()
//         .withUserAuthentication(KERMIT_USER, KERMIT_USER)
//         .buildCopyCollectionRequest(collectionId)
//         .execute();
//   }
// }
