/*
 * Copyright Camunda Services GmbH and/or licensed to Camunda Services GmbH under
 * one or more contributor license agreements. See the NOTICE file distributed
 * with this work for additional information regarding copyright ownership.
 * Licensed under the Camunda License 1.0. You may not use this file
 * except in compliance with the Camunda License 1.0.
 */
// TODO recreate C8 IT equivalent of this with #13337
// package io.camunda.optimize.service.importing.ingested;
//
// import io.camunda.optimize.service.importing.AbstractImportIT;
// import org.junit.jupiter.api.BeforeEach;
//
// public class AbstractIngestedDataImportIT extends AbstractImportIT {
//   @BeforeEach
//   public void enableExternalVariableImport() {
//     embeddedOptimizeExtension
//         .getConfigurationService()
//         .getExternalVariableConfiguration()
//         .getImportConfiguration()
//         .setEnabled(true);
//   }
//
//   protected void importIngestedDataFromScratchRefreshIndicesBeforeAndAfter() {
//     databaseIntegrationTestExtension.refreshAllOptimizeIndices();
//     embeddedOptimizeExtension.importIngestedDataFromScratch();
//     databaseIntegrationTestExtension.refreshAllOptimizeIndices();
//   }
//
//   protected void importIngestedDataFromLastIndexRefreshIndicesBeforeAndAfter() {
//     databaseIntegrationTestExtension.refreshAllOptimizeIndices();
//     embeddedOptimizeExtension.importIngestedDataFromLastIndex();
//     databaseIntegrationTestExtension.refreshAllOptimizeIndices();
//   }
// }
