/*
 * Copyright Camunda Services GmbH and/or licensed to Camunda Services GmbH under
 * one or more contributor license agreements. See the NOTICE file distributed
 * with this work for additional information regarding copyright ownership.
 * Licensed under the Camunda License 1.0. You may not use this file
 * except in compliance with the Camunda License 1.0.
 */
// TODO recreate C8 IT equivalent of this with #13337
// package io.camunda.optimize.service.importing;
//
// import static io.camunda.optimize.AbstractIT.OPENSEARCH_PASSING;
// import static
// io.camunda.optimize.service.util.importing.EngineConstants.DECISION_DEFINITION_ENDPOINT;
//
// import java.util.stream.Stream;
// import org.junit.jupiter.api.Tag;
// import org.junit.jupiter.params.provider.Arguments;
//
// @Tag(OPENSEARCH_PASSING)
// public class DecisionDefinitionEndpointImportIT extends AbstractImportEndpointFailureIT {
//
//   @Override
//   protected Stream<Arguments> getEndpointAndErrorResponses() {
//     return Stream.of(DECISION_DEFINITION_ENDPOINT)
//         .flatMap(endpoint -> engineErrors().map(mockResp -> Arguments.of(endpoint, mockResp)));
//   }
// }
