/*
 * Copyright Camunda Services GmbH and/or licensed to Camunda Services GmbH under
 * one or more contributor license agreements. See the NOTICE file distributed
 * with this work for additional information regarding copyright ownership.
 * Licensed under the Camunda License 1.0. You may not use this file
 * except in compliance with the Camunda License 1.0.
 */
// TODO recreate C8 IT equivalent of this with #13337
// package io.camunda.optimize.service.security.collection;
//
// import static io.camunda.optimize.AbstractIT.OPENSEARCH_PASSING;
// import static io.camunda.optimize.rest.RestTestConstants.DEFAULT_PASSWORD;
// import static io.camunda.optimize.rest.RestTestConstants.DEFAULT_USERNAME;
// import static
// io.camunda.optimize.service.util.importing.EngineConstants.RESOURCE_TYPE_DECISION_DEFINITION;
// import static
// io.camunda.optimize.service.util.importing.EngineConstants.RESOURCE_TYPE_PROCESS_DEFINITION;
// import static io.camunda.optimize.test.engine.AuthorizationClient.KERMIT_USER;
// import static io.camunda.optimize.test.it.extension.EngineIntegrationExtension.DEFAULT_FULLNAME;
// import static io.camunda.optimize.test.optimize.CollectionClient.DEFAULT_DEFINITION_KEY;
// import static org.assertj.core.api.Assertions.assertThat;
//
// import com.google.common.collect.ImmutableList;
// import io.camunda.optimize.dto.optimize.ReportType;
// import io.camunda.optimize.dto.optimize.RoleType;
// import io.camunda.optimize.dto.optimize.query.IdResponseDto;
// import io.camunda.optimize.dto.optimize.query.report.ReportDataDto;
// import io.camunda.optimize.dto.optimize.query.report.ReportDefinitionDto;
// import io.camunda.optimize.dto.optimize.query.report.combined.CombinedReportDataDto;
// import io.camunda.optimize.dto.optimize.query.report.single.decision.DecisionReportDataDto;
// import io.camunda.optimize.dto.optimize.query.report.single.process.ProcessReportDataDto;
// import io.camunda.optimize.dto.optimize.rest.AuthorizedReportDefinitionResponseDto;
// import io.camunda.optimize.exception.OptimizeIntegrationTestException;
// import jakarta.ws.rs.core.Response;
// import java.util.Arrays;
// import java.util.Collections;
// import java.util.List;
// import java.util.stream.Collectors;
// import java.util.stream.Stream;
// import lombok.AllArgsConstructor;
// import lombok.Data;
// import org.junit.jupiter.api.Tag;
// import org.junit.jupiter.params.ParameterizedTest;
// import org.junit.jupiter.params.provider.MethodSource;
//
// @Tag(OPENSEARCH_PASSING)
// public class ReportCollectionUserAuthorizationIT extends AbstractCollectionRoleIT {
//
//   private static final List<ReportCollectionUserAuthorizationIT.ReportScenario>
//       POSSIBLE_REPORT_SCENARIOS =
//           ImmutableList.of(
//               new ReportCollectionUserAuthorizationIT.ReportScenario(ReportType.PROCESS, false),
//               new ReportCollectionUserAuthorizationIT.ReportScenario(ReportType.PROCESS, true),
//               new ReportCollectionUserAuthorizationIT.ReportScenario(ReportType.DECISION,
// false));
//
//   private static List<ReportScenario> reportScenarios() {
//     return POSSIBLE_REPORT_SCENARIOS;
//   }
//
//   @ParameterizedTest
//   @MethodSource("editUserRolesAndReportTypes")
//   public void editorUserIsGrantedToAddReportByCollectionRoleAlthoughMemberOfViewerGroupRole(
//       final ReportCollectionUserAuthorizationIT.UserAndReportScenario identityAndReport) {
//     // given
//     final AbstractCollectionRoleIT.IdentityAndRole identityAndRole =
//         identityAndReport.identityAndRole;
//     authorizationClient.addKermitUserAndGrantAccessToOptimize();
//     authorizationClient.createKermitGroupAndAddKermitToThatGroup();
//     authorizationClient.grantKermitGroupOptimizeAccess();
//
//     final String collectionId = collectionClient.createNewCollectionForAllDefinitionTypes();
//     addKermitGroupRoleToCollectionAsDefaultUser(RoleType.VIEWER, collectionId);
//     addRoleToCollectionAsDefaultUser(
//         identityAndRole.roleType, identityAndRole.identityDto, collectionId);
//
//     // when
//     final Response response =
//         createReportInCollectionAsKermit(identityAndReport.reportScenario, collectionId);
//
//     // then
//     assertThat(response.getStatus()).isEqualTo(Response.Status.OK.getStatusCode());
//   }
//
//   @ParameterizedTest
//   @MethodSource("accessOnlyUserRolesAndReportTypes")
//   public void viewerUserIsRejectedToAddReportByCollectionRoleAlthoughMemberOfEditorGroup(
//       final ReportCollectionUserAuthorizationIT.UserAndReportScenario identityAndReport) {
//     // given
//     final AbstractCollectionRoleIT.IdentityAndRole identityAndRole =
//         identityAndReport.identityAndRole;
//     authorizationClient.addKermitUserAndGrantAccessToOptimize();
//     authorizationClient.createKermitGroupAndAddKermitToThatGroup();
//     authorizationClient.grantKermitGroupOptimizeAccess();
//
//     final String collectionId = collectionClient.createNewCollectionForAllDefinitionTypes();
//     addKermitGroupRoleToCollectionAsDefaultUser(RoleType.EDITOR, collectionId);
//     addRoleToCollectionAsDefaultUser(
//         identityAndRole.roleType, identityAndRole.identityDto, collectionId);
//
//     // when
//     final Response response =
//         createReportInCollectionAsKermit(identityAndReport.reportScenario, collectionId);
//
//     // then
//     assertThat(response.getStatus()).isEqualTo(Response.Status.FORBIDDEN.getStatusCode());
//   }
//
//   private Response createReportInCollectionAsKermit(
//       final ReportCollectionUserAuthorizationIT.ReportScenario reportScenario,
//       final String collectionId) {
//     return createReportInCollectionAsUser(reportScenario, collectionId, KERMIT_USER,
// KERMIT_USER);
//   }
//
//   private String createReportInCollectionAsDefaultUser(
//       final ReportCollectionUserAuthorizationIT.ReportScenario reportScenario,
//       final String collectionId) {
//     return createReportInCollectionAsUser(
//             reportScenario, collectionId, DEFAULT_USERNAME, DEFAULT_PASSWORD)
//         .readEntity(IdResponseDto.class)
//         .getId();
//   }
//
//   private Response createReportInCollectionAsUser(
//       final ReportCollectionUserAuthorizationIT.ReportScenario reportScenario,
//       final String collectionId,
//       final String user,
//       final String password) {
//     switch (reportScenario.reportType) {
//       case PROCESS:
//         if (reportScenario.combined) {
//           return reportClient.createNewCombinedReportAsUserRawResponse(
//               collectionId, Collections.emptyList(), user, password);
//         } else {
//           return reportClient.createSingleProcessReportAsUserAndReturnResponse(
//               collectionId, DEFAULT_DEFINITION_KEY, user, password);
//         }
//       case DECISION:
//         return reportClient.createSingleDecisionReportAsUser(
//             collectionId, DEFAULT_DEFINITION_KEY, user, password);
//       default:
//         throw new OptimizeIntegrationTestException(
//             "Unsupported reportType: " + reportScenario.reportType);
//     }
//   }
//
//   private int getEngineResourceTypeForReportType(
//       final ReportCollectionUserAuthorizationIT.ReportScenario reportScenario) {
//     return getEngineResourceTypeForReportType(reportScenario.reportType);
//   }
//
//   private int getEngineResourceTypeForReportType(final ReportType reportType) {
//     return reportType.equals(ReportType.PROCESS)
//         ? RESOURCE_TYPE_PROCESS_DEFINITION
//         : RESOURCE_TYPE_DECISION_DEFINITION;
//   }
//
//   private String createPrivateReportAsDefaultUser(
//       final ReportCollectionUserAuthorizationIT.ReportScenario reportScenario) {
//     return createPrivateReportAsUser(reportScenario, DEFAULT_USERNAME, DEFAULT_PASSWORD);
//   }
//
//   private String createPrivateReportAsUser(
//       final ReportCollectionUserAuthorizationIT.ReportScenario reportScenario,
//       final String user,
//       final String password) {
//     return createReportInCollectionAsUser(reportScenario, null, user, password)
//         .readEntity(IdResponseDto.class)
//         .getId();
//   }
//
//   private String createPrivateReportAsKermit(
//       final ReportCollectionUserAuthorizationIT.ReportScenario reportScenario) {
//     return createPrivateReportAsUser(reportScenario, KERMIT_USER, KERMIT_USER);
//   }
//
//   private Response updateReportAsKermit(
//       final String reportId,
//       final ReportCollectionUserAuthorizationIT.ReportScenario reportScenario) {
//     final ReportDefinitionDto<ReportDataDto> reportUpdate =
//         ReportDefinitionDto.builder()
//             .reportType(reportScenario.reportType)
//             .combined(reportScenario.combined)
//             .data(getReportDataForScenario(reportScenario))
//             .build();
//
//     return updateReportAsUser(reportId, reportUpdate, KERMIT_USER, KERMIT_USER);
//   }
//
//   private ReportDataDto getReportDataForScenario(
//       final ReportCollectionUserAuthorizationIT.ReportScenario reportScenario) {
//     switch (reportScenario.reportType) {
//       case PROCESS:
//         if (reportScenario.combined) {
//           return new CombinedReportDataDto();
//         } else {
//           return new ProcessReportDataDto();
//         }
//       case DECISION:
//         return new DecisionReportDataDto();
//       default:
//         throw new OptimizeIntegrationTestException(
//             "Unsupported reportType: " + reportScenario.reportType);
//     }
//   }
//
//   private Response updateReportAsUser(
//       final String reportId,
//       final ReportDefinitionDto reportUpdate,
//       final String user,
//       final String password) {
//     switch (reportUpdate.getReportType()) {
//       case PROCESS:
//         if (reportUpdate.isCombined()) {
//           return reportClient.updateCombinedReport(reportId, reportUpdate, user, password);
//         } else {
//           return reportClient.updateSingleProcessReport(
//               reportId, reportUpdate, false, user, password);
//         }
//       case DECISION:
//         return reportClient.updateDecisionReport(reportId, reportUpdate, false, user, password);
//       default:
//         throw new OptimizeIntegrationTestException(
//             "Unsupported reportType: " + reportUpdate.getReportType());
//     }
//   }
//
//   private ReportDefinitionDto constructReportWithDefinition(int resourceType) {
//     switch (resourceType) {
//       default:
//       case RESOURCE_TYPE_PROCESS_DEFINITION:
//         return reportClient.createSingleProcessReportDefinitionDto(
//             null, getDefinitionKey(resourceType), Collections.singletonList(null));
//       case RESOURCE_TYPE_DECISION_DEFINITION:
//         return
// reportClient.createSingleDecisionReportDefinitionDto(getDefinitionKey(resourceType));
//     }
//   }
//
//   private static ReportCollectionUserAuthorizationIT.UserAndReportScenario[]
//       accessOnlyIdentityRolesAndReportTypes() {
//     return Arrays.stream(accessOnlyIdentityRoles())
//         .flatMap(ReportCollectionUserAuthorizationIT::createReportTypeScenarios)
//         .toArray(ReportCollectionUserAuthorizationIT.UserAndReportScenario[]::new);
//   }
//
//   private static ReportCollectionUserAuthorizationIT.UserAndReportScenario[]
//       accessOnlyUserRolesAndReportTypes() {
//     return Arrays.stream(accessOnlyUserRoles())
//         .flatMap(ReportCollectionUserAuthorizationIT::createReportTypeScenarios)
//         .toArray(ReportCollectionUserAuthorizationIT.UserAndReportScenario[]::new);
//   }
//
//   private static ReportCollectionUserAuthorizationIT.UserAndReportScenario[]
//       editUserRolesAndReportTypes() {
//     return Arrays.stream(editUserRoles())
//         .flatMap(ReportCollectionUserAuthorizationIT::createReportTypeScenarios)
//         .toArray(ReportCollectionUserAuthorizationIT.UserAndReportScenario[]::new);
//   }
//
//   private static Stream<ReportCollectionUserAuthorizationIT.UserAndReportScenario>
//       createReportTypeScenarios(final IdentityAndRole identityAndRole) {
//     return POSSIBLE_REPORT_SCENARIOS.stream()
//         .map(
//             reportScenario ->
//                 new ReportCollectionUserAuthorizationIT.UserAndReportScenario(
//                     identityAndRole, reportScenario));
//   }
//
//   private String getDefinitionKey(final int definitionResourceType) {
//     return definitionResourceType == RESOURCE_TYPE_PROCESS_DEFINITION ? "aProcess" : "aDecision";
//   }
//
//   private AuthorizedReportDefinitionResponseDto getReportByIdAsKermit(final String reportId) {
//     return reportClient
//         .getSingleReportRawResponse(reportId, KERMIT_USER, KERMIT_USER)
//         .readEntity(AuthorizedReportDefinitionResponseDto.class);
//   }
//
//   @Data
//   protected static class UserAndReportScenario {
//
//     AbstractCollectionRoleIT.IdentityAndRole identityAndRole;
//     ReportCollectionUserAuthorizationIT.ReportScenario reportScenario;
//   }
//
//   @Data
//   protected static class ReportScenario {
//
//     ReportType reportType;
//     boolean combined;
//   }
// }
