/*
 * Copyright Camunda Services GmbH and/or licensed to Camunda Services GmbH under
 * one or more contributor license agreements. See the NOTICE file distributed
 * with this work for additional information regarding copyright ownership.
 * Licensed under the Camunda License 1.0. You may not use this file
 * except in compliance with the Camunda License 1.0.
 */
// TODO recreate C8 IT equivalent of this with #13337
// package
// io.camunda.optimize.service.db.es.report.process.single.usertask.duration.groupby.date.distributedby.none;
//
// import io.camunda.optimize.dto.optimize.query.report.single.process.group.ProcessGroupByType;
// import io.camunda.optimize.service.util.ProcessReportDataType;
//
// public abstract class UserTaskDurationByUserTaskEndDateReportEvaluationIT
//     extends UserTaskDurationByUserTaskDateReportEvaluationIT {
//
//   @Override
//   protected ProcessGroupByType getGroupByType() {
//     return ProcessGroupByType.END_DATE;
//   }
//
//   @Override
//   protected ProcessReportDataType getReportDataType() {
//     return ProcessReportDataType.USER_TASK_DUR_GROUP_BY_USER_TASK_END_DATE;
//   }
// }
