/*
 * Copyright Camunda Services GmbH and/or licensed to Camunda Services GmbH under
 * one or more contributor license agreements. See the NOTICE file distributed
 * with this work for additional information regarding copyright ownership.
 * Licensed under the Camunda License 1.0. You may not use this file
 * except in compliance with the Camunda License 1.0.
 */
// TODO recreate C8 IT equivalent of this with #13337
// package io.camunda.optimize.service.entities.dashboard;
//
// import static io.camunda.optimize.AbstractIT.OPENSEARCH_PASSING;
// import static io.camunda.optimize.test.engine.AuthorizationClient.KERMIT_USER;
// import static io.camunda.optimize.util.BpmnModels.getSimpleBpmnDiagram;
// import static org.assertj.core.api.Assertions.assertThat;
//
// import io.camunda.optimize.dto.optimize.DefinitionType;
// import io.camunda.optimize.service.entities.AbstractExportImportEntityDefinitionIT;
// import jakarta.ws.rs.core.Response;
// import java.util.Collections;
// import org.junit.jupiter.api.Tag;
// import org.junit.jupiter.api.Test;
// import org.junit.jupiter.params.ParameterizedTest;
// import org.junit.jupiter.params.provider.EnumSource;
//
// /**
//  * These are authIT for the export via UI with user authorization. For the public API, please
// refer
//  * to PublicJsonExportRestServiceIT.
//  */
// @Tag(OPENSEARCH_PASSING)
// public class DashboardDefinitionExportAuthorizationIT
//     extends AbstractExportImportEntityDefinitionIT {
//
//   @Test
//   public void exportDashboardAsJson() {
//     // given
//     authorizationClient.addKermitUserAndGrantAccessToOptimize();
//     final String dashboardId = dashboardClient.createEmptyDashboard(null);
//
//     // when
//     final Response response =
//         exportClient.exportDashboardAsUser(KERMIT_USER, KERMIT_USER, dashboardId,
// "my_file.json");
//
//     // then
//     assertThat(response.getStatus()).isEqualTo(Response.Status.OK.getStatusCode());
//   }
//
// }
