[     330ms] [ERROR] Failed to load resource: net::ERR_FILE_NOT_FOUND @ filesystem:https://docs.google.com/persistent/docs/fonts/zYXGKVElMYYaJe8bpLHnCwDKr932-G7dytD-Dmu1swZSAXcomDVmadSDtFlzBaI5loe-6g.woff2:0
[     332ms] [ERROR] Failed to load resource: net::ERR_FILE_NOT_FOUND @ filesystem:https://docs.google.com/persistent/docs/fonts/zYXGKVElMYYaJe8bpLHnCwDKr932-G7dytD-Dmu1swZSAXcomDVmadSD6llzBaI5loe-6g.woff2:0
[     332ms] [ERROR] Failed to load resource: net::ERR_FILE_NOT_FOUND @ filesystem:https://docs.google.com/persistent/docs/fonts/zYXGKVElMYYaJe8bpLHnCwDKr932-G7dytD-Dmu1swZSAXcomDVmadSD2FlzBaI5loe-6g.woff2:0
[     332ms] [ERROR] Failed to load resource: net::ERR_FILE_NOT_FOUND @ filesystem:https://docs.google.com/persistent/docs/fonts/zYXGKVElMYYaJe8bpLHnCwDKr932-G7dytD-Dmu1swZSAXcomDVmadSDNF5zBaI5loe-6g.woff2:0
[     332ms] [ERROR] Failed to load resource: net::ERR_FILE_NOT_FOUND @ filesystem:https://docs.google.com/persistent/docs/fonts/zYXGKVElMYYaJe8bpLHnCwDKr932-G7dytD-Dmu1swZSAXcomDVmadSDDV5zBaI5loe-6g.woff2:0
[     332ms] [ERROR] Failed to load resource: net::ERR_FILE_NOT_FOUND @ filesystem:https://docs.google.com/persistent/docs/fonts/zYXEKVElMYYaJe8bpLHnCwDKhdTEG46kmUZQCX598fQbM4jw8V78x9OWIhrFQ6g4tIOm6_De.woff2:0
[     332ms] [ERROR] Failed to load resource: net::ERR_FILE_NOT_FOUND @ filesystem:https://docs.google.com/persistent/docs/fonts/zYXEKVElMYYaJe8bpLHnCwDKhdTEG46kmUZQCX598fQbM4jw8V78x9OWIhqbQ6g4tIOm6_De.woff2:0
[     332ms] [ERROR] Failed to load resource: net::ERR_FILE_NOT_FOUND @ filesystem:https://docs.google.com/persistent/docs/fonts/zYXEKVElMYYaJe8bpLHnCwDKhdTEG46kmUZQCX598fQbM4jw8V78x9OWIhqpQ6g4tIOm6_De.woff2:0
[     332ms] [ERROR] Failed to load resource: net::ERR_FILE_NOT_FOUND @ filesystem:https://docs.google.com/persistent/docs/fonts/zYXEKVElMYYaJe8bpLHnCwDKhdTEG46kmUZQCX598fQbM4jw8V78x9OWIhpFRKg4tIOm6_De.woff2:0
[     332ms] [ERROR] Failed to load resource: net::ERR_FILE_NOT_FOUND @ filesystem:https://docs.google.com/persistent/docs/fonts/zYXEKVElMYYaJe8bpLHnCwDKhdTEG46kmUZQCX598fQbM4jw8V78x9OWIhp8RKg4tIOm6_De.woff2:0
[     332ms] [ERROR] Failed to load resource: net::ERR_FILE_NOT_FOUND @ filesystem:https://docs.google.com/persistent/docs/fonts/L0xuDF4xlVMF-BfR8bXMIhJHg45mwgGEFl0_3vqPRu-5IpykSQ.woff2:0
[     332ms] [ERROR] Failed to load resource: net::ERR_FILE_NOT_FOUND @ filesystem:https://docs.google.com/persistent/docs/fonts/L0xuDF4xlVMF-BfR8bXMIhJHg45mwgGEFl0_Of2PRu-5IpykSQ.woff2:0
[     332ms] [ERROR] Failed to load resource: net::ERR_FILE_NOT_FOUND @ filesystem:https://docs.google.com/persistent/docs/fonts/L0xoDF4xlVMF-BfR8bXMIjhOsXG-q2oeuFoqFrlnAOW4AJi8SJQt.woff2:0
[     332ms] [ERROR] Failed to load resource: net::ERR_FILE_NOT_FOUND @ filesystem:https://docs.google.com/persistent/docs/fonts/L0xoDF4xlVMF-BfR8bXMIjhOsXG-q2oeuFoqFrmAB-W4AJi8SJQt.woff2:0
[     332ms] [ERROR] Failed to load resource: net::ERR_FILE_NOT_FOUND @ filesystem:https://docs.google.com/persistent/docs/fonts/-F63fjptAgt5VM-kVkqdyU8n5i0g0F9l.woff2:0
[     332ms] [ERROR] Failed to load resource: net::ERR_FILE_NOT_FOUND @ filesystem:https://docs.google.com/persistent/docs/fonts/-F6pfjptAgt5VM-kVkqdyU8n1ioq131nj-o.woff2:0
[     332ms] [ERROR] Failed to load resource: net::ERR_FILE_NOT_FOUND @ filesystem:https://docs.google.com/persistent/docs/fonts/-F6qfjptAgt5VM-kVkqdyU8n3twJ8lJPheIV.woff2:0
[     332ms] [ERROR] Failed to load resource: net::ERR_FILE_NOT_FOUND @ filesystem:https://docs.google.com/persistent/docs/fonts/-F6sfjptAgt5VM-kVkqdyU8n1ioSJlRFgsAXHNk.woff2:0
[     332ms] [ERROR] Failed to load resource: net::ERR_FILE_NOT_FOUND @ filesystem:https://docs.google.com/persistent/docs/fonts/-F6qfjptAgt5VM-kVkqdyU8n3vAO8lJPheIV.woff2:0
[     332ms] [ERROR] Failed to load resource: net::ERR_FILE_NOT_FOUND @ filesystem:https://docs.google.com/persistent/docs/fonts/-F6sfjptAgt5VM-kVkqdyU8n1ioSClNFgsAXHNk.woff2:0
[     332ms] [ERROR] Failed to load resource: net::ERR_FILE_NOT_FOUND @ filesystem:https://docs.google.com/persistent/docs/fonts/-F6qfjptAgt5VM-kVkqdyU8n3pQP8lJPheIV.woff2:0
[     332ms] [ERROR] Failed to load resource: net::ERR_FILE_NOT_FOUND @ filesystem:https://docs.google.com/persistent/docs/fonts/-F6sfjptAgt5VM-kVkqdyU8n1ioSblJFgsAXHNk.woff2:0
[     371ms] [ERROR] Failed to load resource: net::ERR_FAILED @ chrome-extension://invalid/:0
[     410ms] [ERROR] Failed to load resource: net::ERR_FILE_NOT_FOUND @ filesystem:https://docs.google.com/persistent/docs/fonts/zYXGKVElMYYaJe8bpLHnCwDKr932-G7dytD-Dmu1swZSAXcomDVmadSDtFlzBaI5loe-6g.woff2:0
[     410ms] [ERROR] Failed to load resource: net::ERR_FILE_NOT_FOUND @ filesystem:https://docs.google.com/persistent/docs/fonts/zYXGKVElMYYaJe8bpLHnCwDKr932-G7dytD-Dmu1swZSAXcomDVmadSD6llzBaI5loe-6g.woff2:0
[     410ms] [ERROR] Failed to load resource: net::ERR_FILE_NOT_FOUND @ filesystem:https://docs.google.com/persistent/docs/fonts/zYXGKVElMYYaJe8bpLHnCwDKr932-G7dytD-Dmu1swZSAXcomDVmadSD2FlzBaI5loe-6g.woff2:0
[     410ms] [ERROR] Failed to load resource: net::ERR_FILE_NOT_FOUND @ filesystem:https://docs.google.com/persistent/docs/fonts/zYXGKVElMYYaJe8bpLHnCwDKr932-G7dytD-Dmu1swZSAXcomDVmadSDNF5zBaI5loe-6g.woff2:0
[     410ms] [ERROR] Failed to load resource: net::ERR_FILE_NOT_FOUND @ filesystem:https://docs.google.com/persistent/docs/fonts/zYXGKVElMYYaJe8bpLHnCwDKr932-G7dytD-Dmu1swZSAXcomDVmadSDDV5zBaI5loe-6g.woff2:0
[     410ms] [ERROR] Failed to load resource: net::ERR_FILE_NOT_FOUND @ filesystem:https://docs.google.com/persistent/docs/fonts/zYXEKVElMYYaJe8bpLHnCwDKhdTEG46kmUZQCX598fQbM4jw8V78x9OWIhrFQ6g4tIOm6_De.woff2:0
[     410ms] [ERROR] Failed to load resource: net::ERR_FILE_NOT_FOUND @ filesystem:https://docs.google.com/persistent/docs/fonts/zYXEKVElMYYaJe8bpLHnCwDKhdTEG46kmUZQCX598fQbM4jw8V78x9OWIhqbQ6g4tIOm6_De.woff2:0
[     410ms] [ERROR] Failed to load resource: net::ERR_FILE_NOT_FOUND @ filesystem:https://docs.google.com/persistent/docs/fonts/zYXEKVElMYYaJe8bpLHnCwDKhdTEG46kmUZQCX598fQbM4jw8V78x9OWIhqpQ6g4tIOm6_De.woff2:0
[     410ms] [ERROR] Failed to load resource: net::ERR_FILE_NOT_FOUND @ filesystem:https://docs.google.com/persistent/docs/fonts/zYXEKVElMYYaJe8bpLHnCwDKhdTEG46kmUZQCX598fQbM4jw8V78x9OWIhpFRKg4tIOm6_De.woff2:0
[     410ms] [ERROR] Failed to load resource: net::ERR_FILE_NOT_FOUND @ filesystem:https://docs.google.com/persistent/docs/fonts/zYXEKVElMYYaJe8bpLHnCwDKhdTEG46kmUZQCX598fQbM4jw8V78x9OWIhp8RKg4tIOm6_De.woff2:0
[     410ms] [ERROR] Failed to load resource: net::ERR_FILE_NOT_FOUND @ filesystem:https://docs.google.com/persistent/docs/fonts/L0xuDF4xlVMF-BfR8bXMIhJHg45mwgGEFl0_3vqPRu-5IpykSQ.woff2:0
[     410ms] [ERROR] Failed to load resource: net::ERR_FILE_NOT_FOUND @ filesystem:https://docs.google.com/persistent/docs/fonts/L0xuDF4xlVMF-BfR8bXMIhJHg45mwgGEFl0_Of2PRu-5IpykSQ.woff2:0
[     410ms] [ERROR] Failed to load resource: net::ERR_FILE_NOT_FOUND @ filesystem:https://docs.google.com/persistent/docs/fonts/L0xoDF4xlVMF-BfR8bXMIjhOsXG-q2oeuFoqFrlnAOW4AJi8SJQt.woff2:0
[     410ms] [ERROR] Failed to load resource: net::ERR_FILE_NOT_FOUND @ filesystem:https://docs.google.com/persistent/docs/fonts/L0xoDF4xlVMF-BfR8bXMIjhOsXG-q2oeuFoqFrmAB-W4AJi8SJQt.woff2:0
[     410ms] [ERROR] Failed to load resource: net::ERR_FILE_NOT_FOUND @ filesystem:https://docs.google.com/persistent/docs/fonts/-F63fjptAgt5VM-kVkqdyU8n5i0g0F9l.woff2:0
[     410ms] [ERROR] Failed to load resource: net::ERR_FILE_NOT_FOUND @ filesystem:https://docs.google.com/persistent/docs/fonts/-F6pfjptAgt5VM-kVkqdyU8n1ioq131nj-o.woff2:0
[     410ms] [ERROR] Failed to load resource: net::ERR_FILE_NOT_FOUND @ filesystem:https://docs.google.com/persistent/docs/fonts/-F6qfjptAgt5VM-kVkqdyU8n3twJ8lJPheIV.woff2:0
[     410ms] [ERROR] Failed to load resource: net::ERR_FILE_NOT_FOUND @ filesystem:https://docs.google.com/persistent/docs/fonts/-F6sfjptAgt5VM-kVkqdyU8n1ioSJlRFgsAXHNk.woff2:0
[     410ms] [ERROR] Failed to load resource: net::ERR_FILE_NOT_FOUND @ filesystem:https://docs.google.com/persistent/docs/fonts/-F6qfjptAgt5VM-kVkqdyU8n3vAO8lJPheIV.woff2:0
[     410ms] [ERROR] Failed to load resource: net::ERR_FILE_NOT_FOUND @ filesystem:https://docs.google.com/persistent/docs/fonts/-F6sfjptAgt5VM-kVkqdyU8n1ioSClNFgsAXHNk.woff2:0
[     410ms] [ERROR] Failed to load resource: net::ERR_FILE_NOT_FOUND @ filesystem:https://docs.google.com/persistent/docs/fonts/-F6qfjptAgt5VM-kVkqdyU8n3pQP8lJPheIV.woff2:0
[     411ms] [ERROR] Failed to load resource: net::ERR_FILE_NOT_FOUND @ filesystem:https://docs.google.com/persistent/docs/fonts/-F6sfjptAgt5VM-kVkqdyU8n1ioSblJFgsAXHNk.woff2:0
[    1391ms] [WARNING] An iframe which has both allow-scripts and allow-same-origin for its sandbox attribute can escape its sandboxing. @ https://docs.google.com/drivesharing/clientmodel?id=1XnlX-MnHLdLAYW332FTa9YLyp2GKhuh6NGdSVzY30n0&foreignService=punch&authuser=0&origin=https%3A%2F%2Fdocs.google.com:0
[    1560ms] [ERROR] Failed to load resource: net::ERR_FAILED @ chrome-extension://invalid/:0
[    1639ms] [ERROR] Failed to load resource: net::ERR_FAILED @ chrome-extension://invalid/:0
[    1670ms] [ERROR] Failed to load resource: net::ERR_FAILED @ chrome-extension://invalid/:0
[    1698ms] [ERROR] Failed to load resource: net::ERR_FAILED @ chrome-extension://invalid/:0
[   32018ms] [ERROR] Failed to load resource: the server responded with a status of 401 () @ https://slides.googleapis.com/v1/presentations/1XnlX-MnHLdLAYW332FTa9YLyp2GKhuh6NGdSVzY30n0?fields=slides.objectId,slides.pageElements(objectId,shape.text.textElements.textRun.content):0
