[     595ms] [VERBOSE] [DOM] Password field is not contained in a form: (More info: https://goo.gl/9p2vKq) %o @ https://accounts.google.com/v3/signin/identifier?continue=https%3A%2F%2Fdocs.google.com%2Fpresentation%2Fd%2F1XnlX-MnHLdLAYW332FTa9YLyp2GKhuh6NGdSVzY30n0%2Fedit&dsh=S286587930%3A1778229401477201&followup=https%3A%2F%2Fdocs.google.com%2Fpresentation%2Fd%2F1XnlX-MnHLdLAYW332FTa9YLyp2GKhuh6NGdSVzY30n0%2Fedit&ltmpl=slides&osid=1&passive=1209600&service=wise&flowName=GlifWebSignIn&flowEntry=ServiceLogin&ifkv=AWa2Pat4WDd7g667TsE5bT_6eh5nzvBDIjC35O30qGfI5lzbAJAKlp1SFdcpfoqibp7cQJzm3BJHwg:0
[     598ms] [LOG] %c%s color: red; background: yellow; font-size: 24px; WARNING! @ https://www.gstatic.com/_/mss/boq-identity/_/js/k=boq-identity.AccountsSignInUi.en_US.n7L1AKtevvQ.es5.O/am=iW8AAIBQiIKQAcD4_78BAAIgiBp4PQtAE4gMAAAAAAAAAIBYAgAAjQ/d=1/excm=_b,_tp,identifierview/ed=1/dg=0/wt=2/ujg=1/rs=AOaEmlHWcIlSudMOifdt0S23hJm0IV7Ulw/dti=1/m=_b,_tp:541
[     598ms] [LOG] %c%s font-size: 18px; Using this console may allow attackers to impersonate you and steal your information using an attack called Self-XSS.
Do not enter or paste code that you do not understand. @ https://www.gstatic.com/_/mss/boq-identity/_/js/k=boq-identity.AccountsSignInUi.en_US.n7L1AKtevvQ.es5.O/am=iW8AAIBQiIKQAcD4_78BAAIgiBp4PQtAE4gMAAAAAAAAAIBYAgAAjQ/d=1/excm=_b,_tp,identifierview/ed=1/dg=0/wt=2/ujg=1/rs=AOaEmlHWcIlSudMOifdt0S23hJm0IV7Ulw/dti=1/m=_b,_tp:541
[   48263ms] [WARNING] <meta name="apple-mobile-web-app-capable" content="yes"> is deprecated. Please include <meta name="mobile-web-app-capable" content="yes"> @ https://camunda.okta.com/login/token/redirect?stateToken=02.id.jSTj1fsR5cqcSHEAhJRjoVYRlzFSJhUzoTRYpHF8:0
[   53628ms] [ERROR] Failed to load resource: net::ERR_FAILED @ chrome-extension://invalid/:0
[   53684ms] [ERROR] Failed to load resource: net::ERR_FILE_NOT_FOUND @ filesystem:https://docs.google.com/persistent/docs/fonts/zYXGKVElMYYaJe8bpLHnCwDKr932-G7dytD-Dmu1swZSAXcomDVmadSDtFlzBaI5loe-6g.woff2:0
[   53684ms] [ERROR] Failed to load resource: net::ERR_FILE_NOT_FOUND @ filesystem:https://docs.google.com/persistent/docs/fonts/zYXGKVElMYYaJe8bpLHnCwDKr932-G7dytD-Dmu1swZSAXcomDVmadSD6llzBaI5loe-6g.woff2:0
[   53684ms] [ERROR] Failed to load resource: net::ERR_FILE_NOT_FOUND @ filesystem:https://docs.google.com/persistent/docs/fonts/zYXGKVElMYYaJe8bpLHnCwDKr932-G7dytD-Dmu1swZSAXcomDVmadSD2FlzBaI5loe-6g.woff2:0
[   53684ms] [ERROR] Failed to load resource: net::ERR_FILE_NOT_FOUND @ filesystem:https://docs.google.com/persistent/docs/fonts/zYXGKVElMYYaJe8bpLHnCwDKr932-G7dytD-Dmu1swZSAXcomDVmadSDNF5zBaI5loe-6g.woff2:0
[   53684ms] [ERROR] Failed to load resource: net::ERR_FILE_NOT_FOUND @ filesystem:https://docs.google.com/persistent/docs/fonts/zYXGKVElMYYaJe8bpLHnCwDKr932-G7dytD-Dmu1swZSAXcomDVmadSDDV5zBaI5loe-6g.woff2:0
[   53685ms] [ERROR] Failed to load resource: net::ERR_FILE_NOT_FOUND @ filesystem:https://docs.google.com/persistent/docs/fonts/zYXEKVElMYYaJe8bpLHnCwDKhdTEG46kmUZQCX598fQbM4jw8V78x9OWIhrFQ6g4tIOm6_De.woff2:0
[   53685ms] [ERROR] Failed to load resource: net::ERR_FILE_NOT_FOUND @ filesystem:https://docs.google.com/persistent/docs/fonts/zYXEKVElMYYaJe8bpLHnCwDKhdTEG46kmUZQCX598fQbM4jw8V78x9OWIhqbQ6g4tIOm6_De.woff2:0
[   53685ms] [ERROR] Failed to load resource: net::ERR_FILE_NOT_FOUND @ filesystem:https://docs.google.com/persistent/docs/fonts/zYXEKVElMYYaJe8bpLHnCwDKhdTEG46kmUZQCX598fQbM4jw8V78x9OWIhqpQ6g4tIOm6_De.woff2:0
[   53685ms] [ERROR] Failed to load resource: net::ERR_FILE_NOT_FOUND @ filesystem:https://docs.google.com/persistent/docs/fonts/zYXEKVElMYYaJe8bpLHnCwDKhdTEG46kmUZQCX598fQbM4jw8V78x9OWIhpFRKg4tIOm6_De.woff2:0
[   53685ms] [ERROR] Failed to load resource: net::ERR_FILE_NOT_FOUND @ filesystem:https://docs.google.com/persistent/docs/fonts/zYXEKVElMYYaJe8bpLHnCwDKhdTEG46kmUZQCX598fQbM4jw8V78x9OWIhp8RKg4tIOm6_De.woff2:0
[   53685ms] [ERROR] Failed to load resource: net::ERR_FILE_NOT_FOUND @ filesystem:https://docs.google.com/persistent/docs/fonts/L0xuDF4xlVMF-BfR8bXMIhJHg45mwgGEFl0_3vqPRu-5IpykSQ.woff2:0
[   53685ms] [ERROR] Failed to load resource: net::ERR_FILE_NOT_FOUND @ filesystem:https://docs.google.com/persistent/docs/fonts/L0xuDF4xlVMF-BfR8bXMIhJHg45mwgGEFl0_Of2PRu-5IpykSQ.woff2:0
[   53685ms] [ERROR] Failed to load resource: net::ERR_FILE_NOT_FOUND @ filesystem:https://docs.google.com/persistent/docs/fonts/L0xoDF4xlVMF-BfR8bXMIjhOsXG-q2oeuFoqFrlnAOW4AJi8SJQt.woff2:0
[   53685ms] [ERROR] Failed to load resource: net::ERR_FILE_NOT_FOUND @ filesystem:https://docs.google.com/persistent/docs/fonts/L0xoDF4xlVMF-BfR8bXMIjhOsXG-q2oeuFoqFrmAB-W4AJi8SJQt.woff2:0
[   53685ms] [ERROR] Failed to load resource: net::ERR_FILE_NOT_FOUND @ filesystem:https://docs.google.com/persistent/docs/fonts/-F63fjptAgt5VM-kVkqdyU8n5i0g0F9l.woff2:0
[   53685ms] [ERROR] Failed to load resource: net::ERR_FILE_NOT_FOUND @ filesystem:https://docs.google.com/persistent/docs/fonts/-F6pfjptAgt5VM-kVkqdyU8n1ioq131nj-o.woff2:0
[   53685ms] [ERROR] Failed to load resource: net::ERR_FILE_NOT_FOUND @ filesystem:https://docs.google.com/persistent/docs/fonts/-F6qfjptAgt5VM-kVkqdyU8n3twJ8lJPheIV.woff2:0
[   53685ms] [ERROR] Failed to load resource: net::ERR_FILE_NOT_FOUND @ filesystem:https://docs.google.com/persistent/docs/fonts/-F6sfjptAgt5VM-kVkqdyU8n1ioSJlRFgsAXHNk.woff2:0
[   53685ms] [ERROR] Failed to load resource: net::ERR_FILE_NOT_FOUND @ filesystem:https://docs.google.com/persistent/docs/fonts/-F6qfjptAgt5VM-kVkqdyU8n3vAO8lJPheIV.woff2:0
[   53685ms] [ERROR] Failed to load resource: net::ERR_FILE_NOT_FOUND @ filesystem:https://docs.google.com/persistent/docs/fonts/-F6sfjptAgt5VM-kVkqdyU8n1ioSClNFgsAXHNk.woff2:0
[   53685ms] [ERROR] Failed to load resource: net::ERR_FILE_NOT_FOUND @ filesystem:https://docs.google.com/persistent/docs/fonts/-F6qfjptAgt5VM-kVkqdyU8n3pQP8lJPheIV.woff2:0
[   53685ms] [ERROR] Failed to load resource: net::ERR_FILE_NOT_FOUND @ filesystem:https://docs.google.com/persistent/docs/fonts/-F6sfjptAgt5VM-kVkqdyU8n1ioSblJFgsAXHNk.woff2:0
[   54607ms] [WARNING] An iframe which has both allow-scripts and allow-same-origin for its sandbox attribute can escape its sandboxing. @ https://docs.google.com/drivesharing/clientmodel?id=1XnlX-MnHLdLAYW332FTa9YLyp2GKhuh6NGdSVzY30n0&foreignService=punch&authuser=0&origin=https%3A%2F%2Fdocs.google.com:0
[   54789ms] [ERROR] Failed to load resource: net::ERR_FAILED @ chrome-extension://invalid/:0
[   54805ms] [ERROR] Failed to load resource: net::ERR_FAILED @ chrome-extension://invalid/:0
[   54837ms] [ERROR] Failed to load resource: net::ERR_FAILED @ chrome-extension://invalid/:0
[   54842ms] [ERROR] Failed to load resource: net::ERR_FAILED @ chrome-extension://invalid/:0
