/*
 * Copyright Camunda Services GmbH and/or licensed to Camunda Services GmbH under
 * one or more contributor license agreements. See the NOTICE file distributed
 * with this work for additional information regarding copyright ownership.
 * Licensed under the Camunda License 1.0. You may not use this file
 * except in compliance with the Camunda License 1.0.
 */
// TODO recreate C8 IT equivalent of this with #13337

// package io.camunda.optimize.jetty;
//
// import static io.camunda.optimize.AbstractIT.OPENSEARCH_PASSING;
//
// import io.camunda.optimize.AbstractPlatformIT;
// import java.util.Collections;
// import org.junit.jupiter.api.Tag;
// import org.junit.jupiter.api.Test;
// import org.springframework.test.annotation.DirtiesContext;
//
// @DirtiesContext
// @Tag(OPENSEARCH_PASSING)
// public class SpringBootCompressionIT extends AbstractPlatformIT {
//
//  @Test
//  public void optimizeBootsWithEnabledCompression() {
//    startAndUseNewOptimizeInstance(Collections.singletonMap("server.compression.enabled",
// "true"));
//
//    embeddedOptimizeExtension
//        .getRequestExecutor()
//        .buildCheckImportStatusRequest()
//        .execute(200)
//        .close();
//  }
// }
