/*
 * Copyright Camunda Services GmbH and/or licensed to Camunda Services GmbH under
 * one or more contributor license agreements. See the NOTICE file distributed
 * with this work for additional information regarding copyright ownership.
 * Licensed under the Camunda License 1.0. You may not use this file
 * except in compliance with the Camunda License 1.0.
 */
// TODO recreate C8 IT equivalent of this with #13337
// package
// io.camunda.optimize.service.db.es.report.process.single.processinstance.duration.groupby.date.distributedby.variable;
//
// import io.camunda.optimize.dto.optimize.query.report.single.process.group.ProcessGroupByType;
// import io.camunda.optimize.service.util.ProcessReportDataType;
//
// public class ProcessInstanceDurationByInstanceStartDateByVariableReportEvaluationIT
//     extends AbstractProcessInstanceDurationByInstanceDateByVariableReportEvaluationIT {
//
//   @Override
//   protected ProcessReportDataType getTestReportDataType() {
//     return ProcessReportDataType.PROC_INST_DUR_GROUP_BY_START_DATE_BY_VARIABLE;
//   }
//
//   @Override
//   protected ProcessGroupByType getGroupByType() {
//     return ProcessGroupByType.START_DATE;
//   }
// }
